<?xml version="1.0" encoding="UTF-8"?>
<testsuite name="TestSuite" time="8.585" tests="20" errors="0" skipped="15" failures="5">
  <properties>
[...]
</properties>
  <testcase name="getDriver" classname="com.gmail.nemo31.nn.tests.CompareTest" time="1.47">
    <failure message="&#10;Parameter &apos;browser&apos; is required by BeforeClass on method getDriver but has not been marked @Optional or defined&#10;" type="org.testng.TestNGException">org.testng.TestNGException: 
Parameter 'browser' is required by BeforeClass on method getDriver but has not been marked @Optional or defined

	at org.testng.internal.Parameters.createParams(Parameters.java:290)
	at org.testng.internal.Parameters.createParametersForMethod(Parameters.java:359)
	at org.testng.internal.Parameters.createParameters(Parameters.java:620)
	at org.testng.internal.Parameters.createConfigurationParameters(Parameters.java:190)
	at org.testng.internal.Invoker.invokeConfigurations(Invoker.java:209)
	at org.testng.internal.Invoker.invokeConfigurations(Invoker.java:142)
	at org.testng.internal.TestMethodWorker.invokeBeforeClassMethods(TestMethodWorker.java:168)
	at org.testng.internal.TestMethodWorker.run(TestMethodWorker.java:105)
	at org.testng.TestRunner.privateRun(TestRunner.java:648)
	at org.testng.TestRunner.run(TestRunner.java:505)
	at org.testng.SuiteRunner.runTest(SuiteRunner.java:455)
	at org.testng.SuiteRunner.runSequentially(SuiteRunner.java:450)
	at org.testng.SuiteRunner.privateRun(SuiteRunner.java:415)
	at org.testng.SuiteRunner.run(SuiteRunner.java:364)
	at org.testng.SuiteRunnerWorker.runSuite(SuiteRunnerWorker.java:52)
	at org.testng.SuiteRunnerWorker.run(SuiteRunnerWorker.java:84)
	at org.testng.TestNG.runSuitesSequentially(TestNG.java:1208)
	at org.testng.TestNG.runSuitesLocally(TestNG.java:1137)
	at org.testng.TestNG.runSuites(TestNG.java:1049)
	at org.testng.TestNG.run(TestNG.java:1017)
	at org.apache.maven.surefire.testng.TestNGExecutor.run(TestNGExecutor.java:115)
	at org.apache.maven.surefire.testng.TestNGDirectoryTestSuite.executeMulti(TestNGDirectoryTestSuite.java:205)
	at org.apache.maven.surefire.testng.TestNGDirectoryTestSuite.execute(TestNGDirectoryTestSuite.java:108)
	at org.apache.maven.surefire.testng.TestNGProvider.invoke(TestNGProvider.java:111)
	at org.apache.maven.surefire.booter.ForkedBooter.invokeProviderInSameClassLoader(ForkedBooter.java:203)
	at org.apache.maven.surefire.booter.ForkedBooter.runSuitesInProcess(ForkedBooter.java:155)
	at org.apache.maven.surefire.booter.ForkedBooter.main(ForkedBooter.java:103)
</failure>
    <system-out><![CDATA[Configuring TestNG with: TestNG652Configurator
]]></system-out>
  </testcase>
  <testcase name="initiliaze" classname="com.gmail.nemo31.nn.tests.CompareTest" time="0">
    <skipped/>
  </testcase>
  <testcase name="comparing" classname="com.gmail.nemo31.nn.tests.CompareTest" time="0">
    <skipped/>
  </testcase>
  <testcase name="tearDown" classname="com.gmail.nemo31.nn.tests.CompareTest" time="0">
    <skipped/>
  </testcase>
  <testcase name="getDriver" classname="com.gmail.nemo31.nn.tests.LoginTest" time="1.764">
    <failure message="&#10;Parameter &apos;browser&apos; is required by BeforeClass on method getDriver but has not been marked @Optional or defined&#10;" type="org.testng.TestNGException">org.testng.TestNGException: 
Parameter 'browser' is required by BeforeClass on method getDriver but has not been marked @Optional or defined

	at org.testng.internal.Parameters.createParams(Parameters.java:290)
	at org.testng.internal.Parameters.createParametersForMethod(Parameters.java:359)
	at org.testng.internal.Parameters.createParameters(Parameters.java:620)
	at org.testng.internal.Parameters.createConfigurationParameters(Parameters.java:190)
	at org.testng.internal.Invoker.invokeConfigurations(Invoker.java:209)
	at org.testng.internal.Invoker.invokeConfigurations(Invoker.java:142)
	at org.testng.internal.TestMethodWorker.invokeBeforeClassMethods(TestMethodWorker.java:168)
	at org.testng.internal.TestMethodWorker.run(TestMethodWorker.java:105)
	at org.testng.TestRunner.privateRun(TestRunner.java:648)
	at org.testng.TestRunner.run(TestRunner.java:505)
	at org.testng.SuiteRunner.runTest(SuiteRunner.java:455)
	at org.testng.SuiteRunner.runSequentially(SuiteRunner.java:450)
	at org.testng.SuiteRunner.privateRun(SuiteRunner.java:415)
	at org.testng.SuiteRunner.run(SuiteRunner.java:364)
	at org.testng.SuiteRunnerWorker.runSuite(SuiteRunnerWorker.java:52)
	at org.testng.SuiteRunnerWorker.run(SuiteRunnerWorker.java:84)
	at org.testng.TestNG.runSuitesSequentially(TestNG.java:1208)
	at org.testng.TestNG.runSuitesLocally(TestNG.java:1137)
	at org.testng.TestNG.runSuites(TestNG.java:1049)
	at org.testng.TestNG.run(TestNG.java:1017)
	at org.apache.maven.surefire.testng.TestNGExecutor.run(TestNGExecutor.java:115)
	at org.apache.maven.surefire.testng.TestNGDirectoryTestSuite.executeMulti(TestNGDirectoryTestSuite.java:205)
	at org.apache.maven.surefire.testng.TestNGDirectoryTestSuite.execute(TestNGDirectoryTestSuite.java:108)
	at org.apache.maven.surefire.testng.TestNGProvider.invoke(TestNGProvider.java:111)
	at org.apache.maven.surefire.booter.ForkedBooter.invokeProviderInSameClassLoader(ForkedBooter.java:203)
	at org.apache.maven.surefire.booter.ForkedBooter.runSuitesInProcess(ForkedBooter.java:155)
	at org.apache.maven.surefire.booter.ForkedBooter.main(ForkedBooter.java:103)
</failure>
  </testcase>
  <testcase name="initiliaze" classname="com.gmail.nemo31.nn.tests.LoginTest" time="0">
    <skipped/>
  </testcase>
  <testcase name="logining" classname="com.gmail.nemo31.nn.tests.LoginTest" time="0">
    <skipped/>
  </testcase>
  <testcase name="tearDown" classname="com.gmail.nemo31.nn.tests.LoginTest" time="0">
    <skipped/>
  </testcase>
  <testcase name="getDriver" classname="com.gmail.nemo31.nn.tests.LogoutTest" time="1.772">
    <failure message="&#10;Parameter &apos;browser&apos; is required by BeforeClass on method getDriver but has not been marked @Optional or defined&#10;" type="org.testng.TestNGException">org.testng.TestNGException: 
Parameter 'browser' is required by BeforeClass on method getDriver but has not been marked @Optional or defined

	at org.testng.internal.Parameters.createParams(Parameters.java:290)
	at org.testng.internal.Parameters.createParametersForMethod(Parameters.java:359)
	at org.testng.internal.Parameters.createParameters(Parameters.java:620)
	at org.testng.internal.Parameters.createConfigurationParameters(Parameters.java:190)
	at org.testng.internal.Invoker.invokeConfigurations(Invoker.java:209)
	at org.testng.internal.Invoker.invokeConfigurations(Invoker.java:142)
	at org.testng.internal.TestMethodWorker.invokeBeforeClassMethods(TestMethodWorker.java:168)
	at org.testng.internal.TestMethodWorker.run(TestMethodWorker.java:105)
	at org.testng.TestRunner.privateRun(TestRunner.java:648)
	at org.testng.TestRunner.run(TestRunner.java:505)
	at org.testng.SuiteRunner.runTest(SuiteRunner.java:455)
	at org.testng.SuiteRunner.runSequentially(SuiteRunner.java:450)
	at org.testng.SuiteRunner.privateRun(SuiteRunner.java:415)
	at org.testng.SuiteRunner.run(SuiteRunner.java:364)
	at org.testng.SuiteRunnerWorker.runSuite(SuiteRunnerWorker.java:52)
	at org.testng.SuiteRunnerWorker.run(SuiteRunnerWorker.java:84)
	at org.testng.TestNG.runSuitesSequentially(TestNG.java:1208)
	at org.testng.TestNG.runSuitesLocally(TestNG.java:1137)
	at org.testng.TestNG.runSuites(TestNG.java:1049)
	at org.testng.TestNG.run(TestNG.java:1017)
	at org.apache.maven.surefire.testng.TestNGExecutor.run(TestNGExecutor.java:115)
	at org.apache.maven.surefire.testng.TestNGDirectoryTestSuite.executeMulti(TestNGDirectoryTestSuite.java:205)
	at org.apache.maven.surefire.testng.TestNGDirectoryTestSuite.execute(TestNGDirectoryTestSuite.java:108)
	at org.apache.maven.surefire.testng.TestNGProvider.invoke(TestNGProvider.java:111)
	at org.apache.maven.surefire.booter.ForkedBooter.invokeProviderInSameClassLoader(ForkedBooter.java:203)
	at org.apache.maven.surefire.booter.ForkedBooter.runSuitesInProcess(ForkedBooter.java:155)
	at org.apache.maven.surefire.booter.ForkedBooter.main(ForkedBooter.java:103)
</failure>
  </testcase>
  <testcase name="initiliaze" classname="com.gmail.nemo31.nn.tests.LogoutTest" time="0">
    <skipped/>
  </testcase>
  <testcase name="logout" classname="com.gmail.nemo31.nn.tests.LogoutTest" time="0">
    <skipped/>
  </testcase>
  <testcase name="tearDown" classname="com.gmail.nemo31.nn.tests.LogoutTest" time="0">
    <skipped/>
  </testcase>
  <testcase name="getDriver" classname="com.gmail.nemo31.nn.tests.NavigationTest" time="1.784">
    <failure message="&#10;Parameter &apos;browser&apos; is required by BeforeClass on method getDriver but has not been marked @Optional or defined&#10;" type="org.testng.TestNGException">org.testng.TestNGException: 
Parameter 'browser' is required by BeforeClass on method getDriver but has not been marked @Optional or defined

	at org.testng.internal.Parameters.createParams(Parameters.java:290)
	at org.testng.internal.Parameters.createParametersForMethod(Parameters.java:359)
	at org.testng.internal.Parameters.createParameters(Parameters.java:620)
	at org.testng.internal.Parameters.createConfigurationParameters(Parameters.java:190)
	at org.testng.internal.Invoker.invokeConfigurations(Invoker.java:209)
	at org.testng.internal.Invoker.invokeConfigurations(Invoker.java:142)
	at org.testng.internal.TestMethodWorker.invokeBeforeClassMethods(TestMethodWorker.java:168)
	at org.testng.internal.TestMethodWorker.run(TestMethodWorker.java:105)
	at org.testng.TestRunner.privateRun(TestRunner.java:648)
	at org.testng.TestRunner.run(TestRunner.java:505)
	at org.testng.SuiteRunner.runTest(SuiteRunner.java:455)
	at org.testng.SuiteRunner.runSequentially(SuiteRunner.java:450)
	at org.testng.SuiteRunner.privateRun(SuiteRunner.java:415)
	at org.testng.SuiteRunner.run(SuiteRunner.java:364)
	at org.testng.SuiteRunnerWorker.runSuite(SuiteRunnerWorker.java:52)
	at org.testng.SuiteRunnerWorker.run(SuiteRunnerWorker.java:84)
	at org.testng.TestNG.runSuitesSequentially(TestNG.java:1208)
	at org.testng.TestNG.runSuitesLocally(TestNG.java:1137)
	at org.testng.TestNG.runSuites(TestNG.java:1049)
	at org.testng.TestNG.run(TestNG.java:1017)
	at org.apache.maven.surefire.testng.TestNGExecutor.run(TestNGExecutor.java:115)
	at org.apache.maven.surefire.testng.TestNGDirectoryTestSuite.executeMulti(TestNGDirectoryTestSuite.java:205)
	at org.apache.maven.surefire.testng.TestNGDirectoryTestSuite.execute(TestNGDirectoryTestSuite.java:108)
	at org.apache.maven.surefire.testng.TestNGProvider.invoke(TestNGProvider.java:111)
	at org.apache.maven.surefire.booter.ForkedBooter.invokeProviderInSameClassLoader(ForkedBooter.java:203)
	at org.apache.maven.surefire.booter.ForkedBooter.runSuitesInProcess(ForkedBooter.java:155)
	at org.apache.maven.surefire.booter.ForkedBooter.main(ForkedBooter.java:103)
</failure>
  </testcase>
  <testcase name="initiliaze" classname="com.gmail.nemo31.nn.tests.NavigationTest" time="0">
    <skipped/>
  </testcase>
  <testcase name="navigationTest" classname="com.gmail.nemo31.nn.tests.NavigationTest" time="0">
    <skipped/>
  </testcase>
  <testcase name="tearDown" classname="com.gmail.nemo31.nn.tests.NavigationTest" time="0">
    <skipped/>
  </testcase>
  <testcase name="getDriver" classname="com.gmail.nemo31.nn.tests.LanguageChangingTest" time="1.795">
    <failure message="&#10;Parameter &apos;browser&apos; is required by BeforeClass on method getDriver but has not been marked @Optional or defined&#10;" type="org.testng.TestNGException">org.testng.TestNGException: 
Parameter 'browser' is required by BeforeClass on method getDriver but has not been marked @Optional or defined

	at org.testng.internal.Parameters.createParams(Parameters.java:290)
	at org.testng.internal.Parameters.createParametersForMethod(Parameters.java:359)
	at org.testng.internal.Parameters.createParameters(Parameters.java:620)
	at org.testng.internal.Parameters.createConfigurationParameters(Parameters.java:190)
	at org.testng.internal.Invoker.invokeConfigurations(Invoker.java:209)
	at org.testng.internal.Invoker.invokeConfigurations(Invoker.java:142)
	at org.testng.internal.TestMethodWorker.invokeBeforeClassMethods(TestMethodWorker.java:168)
	at org.testng.internal.TestMethodWorker.run(TestMethodWorker.java:105)
	at org.testng.TestRunner.privateRun(TestRunner.java:648)
	at org.testng.TestRunner.run(TestRunner.java:505)
	at org.testng.SuiteRunner.runTest(SuiteRunner.java:455)
	at org.testng.SuiteRunner.runSequentially(SuiteRunner.java:450)
	at org.testng.SuiteRunner.privateRun(SuiteRunner.java:415)
	at org.testng.SuiteRunner.run(SuiteRunner.java:364)
	at org.testng.SuiteRunnerWorker.runSuite(SuiteRunnerWorker.java:52)
	at org.testng.SuiteRunnerWorker.run(SuiteRunnerWorker.java:84)
	at org.testng.TestNG.runSuitesSequentially(TestNG.java:1208)
	at org.testng.TestNG.runSuitesLocally(TestNG.java:1137)
	at org.testng.TestNG.runSuites(TestNG.java:1049)
	at org.testng.TestNG.run(TestNG.java:1017)
	at org.apache.maven.surefire.testng.TestNGExecutor.run(TestNGExecutor.java:115)
	at org.apache.maven.surefire.testng.TestNGDirectoryTestSuite.executeMulti(TestNGDirectoryTestSuite.java:205)
	at org.apache.maven.surefire.testng.TestNGDirectoryTestSuite.execute(TestNGDirectoryTestSuite.java:108)
	at org.apache.maven.surefire.testng.TestNGProvider.invoke(TestNGProvider.java:111)
	at org.apache.maven.surefire.booter.ForkedBooter.invokeProviderInSameClassLoader(ForkedBooter.java:203)
	at org.apache.maven.surefire.booter.ForkedBooter.runSuitesInProcess(ForkedBooter.java:155)
	at org.apache.maven.surefire.booter.ForkedBooter.main(ForkedBooter.java:103)
</failure>
  </testcase>
  <testcase name="initiliaze" classname="com.gmail.nemo31.nn.tests.LanguageChangingTest" time="0">
    <skipped/>
  </testcase>
  <testcase name="languageChanging" classname="com.gmail.nemo31.nn.tests.LanguageChangingTest" time="0">
    <skipped/>
  </testcase>
  <testcase name="tearDown" classname="com.gmail.nemo31.nn.tests.LanguageChangingTest" time="0">
    <skipped/>
  </testcase>
</testsuite>